<?xml version="1.0" encoding="UTF-8"?>
<testsuite xmlns:xsi="http://www.w3.org/2001/XMLSchema-instance" xsi:noNamespaceSchemaLocation="https://maven.apache.org/surefire/maven-surefire-plugin/xsd/surefire-test-report-3.0.xsd" version="3.0" name="coe528.lab1.FlightTest" time="0.179" tests="18" errors="0" skipped="0" failures="0">
  <properties>
    <property name="java.specification.version" value="21"/>
    <property name="sun.cpu.isalist" value="amd64"/>
    <property name="sun.jnu.encoding" value="Cp1252"/>
    <property name="java.class.path" value="C:\Users\ashsu\Desktop\COE528\Lab 1\FlightBooking\target\test-classes;C:\Users\ashsu\Desktop\COE528\Lab 1\FlightBooking\target\classes;C:\Users\ashsu\.m2\repository\junit\junit\4.13.2\junit-4.13.2.jar;C:\Users\ashsu\.m2\repository\org\hamcrest\hamcrest-core\1.3\hamcrest-core-1.3.jar;"/>
    <property name="java.vm.vendor" value="Oracle Corporation"/>
    <property name="sun.arch.data.model" value="64"/>
    <property name="user.variant" value=""/>
    <property name="java.vendor.url" value="https://java.oracle.com/"/>
    <property name="user.timezone" value="America/New_York"/>
    <property name="os.name" value="Windows 11"/>
    <property name="java.vm.specification.version" value="21"/>
    <property name="user.country" value="US"/>
    <property name="sun.java.launcher" value="SUN_STANDARD"/>
    <property name="sun.boot.library.path" value="C:\Program Files\Java\jdk-21\bin"/>
    <property name="sun.java.command" value="C:\Users\ashsu\AppData\Local\Temp\surefire7133846540411974605\surefirebooter-20240201124818832_3.jar C:\Users\ashsu\AppData\Local\Temp\surefire7133846540411974605 2024-02-01T12-48-18_642-jvmRun1 surefire-20240201124818832_1tmp surefire_0-20240201124818832_2tmp"/>
    <property name="jdk.debug" value="release"/>
    <property name="test" value="coe528.lab1.FlightTest"/>
    <property name="surefire.test.class.path" value="C:\Users\ashsu\Desktop\COE528\Lab 1\FlightBooking\target\test-classes;C:\Users\ashsu\Desktop\COE528\Lab 1\FlightBooking\target\classes;C:\Users\ashsu\.m2\repository\junit\junit\4.13.2\junit-4.13.2.jar;C:\Users\ashsu\.m2\repository\org\hamcrest\hamcrest-core\1.3\hamcrest-core-1.3.jar;"/>
    <property name="sun.cpu.endian" value="little"/>
    <property name="user.home" value="C:\Users\ashsu"/>
    <property name="user.language" value="en"/>
    <property name="java.specification.vendor" value="Oracle Corporation"/>
    <property name="java.version.date" value="2023-10-17"/>
    <property name="java.home" value="C:\Program Files\Java\jdk-21"/>
    <property name="file.separator" value="\"/>
    <property name="basedir" value="C:\Users\ashsu\Desktop\COE528\Lab 1\FlightBooking"/>
    <property name="java.vm.compressedOopsMode" value="Zero based"/>
    <property name="line.separator" value="&#10;"/>
    <property name="java.vm.specification.vendor" value="Oracle Corporation"/>
    <property name="java.specification.name" value="Java Platform API Specification"/>
    <property name="surefire.real.class.path" value="C:\Users\ashsu\AppData\Local\Temp\surefire7133846540411974605\surefirebooter-20240201124818832_3.jar"/>
    <property name="user.script" value=""/>
    <property name="sun.management.compiler" value="HotSpot 64-Bit Tiered Compilers"/>
    <property name="java.runtime.version" value="21.0.1+12-LTS-29"/>
    <property name="user.name" value="ashsu"/>
    <property name="stdout.encoding" value="Cp1252"/>
    <property name="path.separator" value=";"/>
    <property name="os.version" value="10.0"/>
    <property name="java.runtime.name" value="Java(TM) SE Runtime Environment"/>
    <property name="file.encoding" value="UTF-8"/>
    <property name="java.vm.name" value="Java HotSpot(TM) 64-Bit Server VM"/>
    <property name="maven.ext.class.path" value="C:\Program Files\NetBeans-20\netbeans\java\maven-nblib\netbeans-eventspy.jar"/>
    <property name="localRepository" value="C:\Users\ashsu\.m2\repository"/>
    <property name="java.vendor.url.bug" value="https://bugreport.java.com/bugreport/"/>
    <property name="java.io.tmpdir" value="C:\Users\ashsu\AppData\Local\Temp\"/>
    <property name="java.version" value="21.0.1"/>
    <property name="user.dir" value="C:\Users\ashsu\Desktop\COE528\Lab 1\FlightBooking"/>
    <property name="os.arch" value="amd64"/>
    <property name="java.vm.specification.name" value="Java Virtual Machine Specification"/>
    <property name="sun.os.patch.level" value=""/>
    <property name="native.encoding" value="Cp1252"/>
    <property name="java.library.path" value="C:\Program Files\Java\jdk-21\bin;C:\WINDOWS\Sun\Java\bin;C:\WINDOWS\system32;C:\WINDOWS;C:\Program Files\Common Files\Oracle\Java\javapath;C:\Windows\system32;C:\Windows;C:\Windows\System32\Wbem;C:\Windows\System32\WindowsPowerShell\v1.0\;C:\Windows\System32\OpenSSH\;C:\Program Files (x86)\NVIDIA Corporation\PhysX\Common;C:\Program Files\NVIDIA Corporation\NVIDIA NvDLISR;C:\WINDOWS\system32;C:\WINDOWS;C:\WINDOWS\System32\Wbem;C:\WINDOWS\System32\WindowsPowerShell\v1.0\;C:\WINDOWS\System32\OpenSSH\;C:\TDM-GCC-64\bin;C:\Program Files (x86)\Bitvise SSH Client;C:\Users\ashsu\AppData\Local\Microsoft\WindowsApps;;C:\Users\ashsu\AppData\Local\Programs\Microsoft VS Code\bin;."/>
    <property name="java.vm.info" value="mixed mode, sharing"/>
    <property name="stderr.encoding" value="Cp1252"/>
    <property name="java.vendor" value="Oracle Corporation"/>
    <property name="java.vm.version" value="21.0.1+12-LTS-29"/>
    <property name="sun.io.unicode.encoding" value="UnicodeLittle"/>
    <property name="java.class.version" value="65.0"/>
  </properties>
  <testcase name="testSet_origin" classname="coe528.lab1.FlightTest" time="0.018">
    <system-out><![CDATA[set_origin
]]></system-out>
  </testcase>
  <testcase name="testBookASeat" classname="coe528.lab1.FlightTest" time="0.001">
    <system-out><![CDATA[bookASeat
]]></system-out>
  </testcase>
  <testcase name="testSet_originalPrice" classname="coe528.lab1.FlightTest" time="0.001">
    <system-out><![CDATA[set_originalPrice
]]></system-out>
  </testcase>
  <testcase name="testToString" classname="coe528.lab1.FlightTest" time="0.019">
    <system-out><![CDATA[toString
]]></system-out>
  </testcase>
  <testcase name="testGet_capacity" classname="coe528.lab1.FlightTest" time="0.001">
    <system-out><![CDATA[get_capacity
]]></system-out>
  </testcase>
  <testcase name="testGet_numberOfSeatsLeft" classname="coe528.lab1.FlightTest" time="0.001">
    <system-out><![CDATA[get_numberOfSeatsLeft
]]></system-out>
  </testcase>
  <testcase name="testGet_destination" classname="coe528.lab1.FlightTest" time="0.001">
    <system-out><![CDATA[get_destination
]]></system-out>
  </testcase>
  <testcase name="testSet_flightNumber" classname="coe528.lab1.FlightTest" time="0.001">
    <system-out><![CDATA[set_flightNumber
]]></system-out>
  </testcase>
  <testcase name="testGet_originalPrice" classname="coe528.lab1.FlightTest" time="0.001">
    <system-out><![CDATA[get_originalPrice
]]></system-out>
  </testcase>
  <testcase name="testSet_destination" classname="coe528.lab1.FlightTest" time="0.001">
    <system-out><![CDATA[set_destination
]]></system-out>
  </testcase>
  <testcase name="testInvalidConstructor" classname="coe528.lab1.FlightTest" time="0.001">
    <system-out><![CDATA[testInvalidConstructor
]]></system-out>
  </testcase>
  <testcase name="testGet_origin" classname="coe528.lab1.FlightTest" time="0.001">
    <system-out><![CDATA[get_origin
]]></system-out>
  </testcase>
  <testcase name="testSet_capacity" classname="coe528.lab1.FlightTest" time="0.001">
    <system-out><![CDATA[set_capacity
]]></system-out>
  </testcase>
  <testcase name="testSet_departureTime" classname="coe528.lab1.FlightTest" time="0.001">
    <system-out><![CDATA[set_departureTime
]]></system-out>
  </testcase>
  <testcase name="testGet_flightNumber" classname="coe528.lab1.FlightTest" time="0.002">
    <system-out><![CDATA[get_flightNumber
]]></system-out>
  </testcase>
  <testcase name="testSet_numberOfSeatsLeft" classname="coe528.lab1.FlightTest" time="0.001">
    <system-out><![CDATA[set_numberOfSeatsLeft
]]></system-out>
  </testcase>
  <testcase name="testGet_departureTime" classname="coe528.lab1.FlightTest" time="0.001">
    <system-out><![CDATA[get_departureTime
]]></system-out>
  </testcase>
  <testcase name="testConstructor" classname="coe528.lab1.FlightTest" time="0.001">
    <system-out><![CDATA[testConstructor
]]></system-out>
  </testcase>
</testsuite>